<?xml version="1.0" encoding="UTF-8"?>
<!-- Generated by org.testng.reporters.JUnitReportReporter -->
<testsuite hostname="BIJAYEENI" failures="0" tests="1" name="gluecode.StepDef1" time="24.087" errors="0" timestamp="2024-07-08T10:45:41 IST" skipped="0">
  <testcase classname="gluecode.StepDef1" name="m1" time="24.087"/>
  <system-out/>
</testsuite> <!-- gluecode.StepDef1 -->
